2020-10-13 09:39:06.133 [background-preinit] INFO  org.hibernate.validator.internal.util.Version - HV000001: Hibernate Validator 6.0.1.Final
2020-10-13 09:39:06.173 [main] INFO  com.dw.sms.SpringbootMybatisStudyApplicationTests - Starting SpringbootMybatisStudyApplicationTests on SC-202007141600 with PID 8304 (started by Administrator in E:\study\springboot-mybatis-study)
2020-10-13 09:39:06.176 [main] INFO  com.dw.sms.SpringbootMybatisStudyApplicationTests - The following profiles are active: dev
2020-10-13 09:39:09.880 [main] INFO  s.d.s.w.PropertySourcedRequestMappingHandlerMapping - Mapped URL path [/v2/api-docs] onto method [springfox.documentation.swagger2.web.Swagger2Controller#getDocumentation(String, HttpServletRequest)]
2020-10-13 09:39:10.338 [main] INFO  o.s.scheduling.concurrent.ThreadPoolTaskExecutor - Initializing ExecutorService 'applicationTaskExecutor'
2020-10-13 09:39:11.166 [main] INFO  s.d.s.web.plugins.DocumentationPluginsBootstrapper - Context refreshed
2020-10-13 09:39:11.207 [main] INFO  s.d.s.web.plugins.DocumentationPluginsBootstrapper - Found 1 custom documentation plugin(s)
2020-10-13 09:39:11.259 [main] INFO  s.d.spring.web.scanners.ApiListingReferenceScanner - Scanning for api listing references
2020-10-13 09:39:11.611 [main] INFO  com.dw.sms.SpringbootMybatisStudyApplicationTests - Started SpringbootMybatisStudyApplicationTests in 6.035 seconds (JVM running for 7.996)
2020-10-13 09:39:12.095 [main] INFO  com.zaxxer.hikari.HikariDataSource - HikariPool-1 - Starting...
2020-10-13 09:39:13.085 [main] INFO  com.zaxxer.hikari.HikariDataSource - HikariPool-1 - Start completed.
2020-10-13 09:39:13.416 [SpringContextShutdownHook] INFO  o.s.scheduling.concurrent.ThreadPoolTaskExecutor - Shutting down ExecutorService 'applicationTaskExecutor'
2020-10-13 09:39:13.419 [SpringContextShutdownHook] INFO  com.zaxxer.hikari.HikariDataSource - HikariPool-1 - Shutdown initiated...
2020-10-13 09:39:13.431 [SpringContextShutdownHook] INFO  com.zaxxer.hikari.HikariDataSource - HikariPool-1 - Shutdown completed.
2020-10-13 09:41:38.614 [background-preinit] INFO  org.hibernate.validator.internal.util.Version - HV000001: Hibernate Validator 6.0.1.Final
2020-10-13 09:41:38.651 [main] INFO  com.dw.sms.SpringbootMybatisStudyApplicationTests - Starting SpringbootMybatisStudyApplicationTests on SC-202007141600 with PID 5852 (started by Administrator in E:\study\springboot-mybatis-study)
2020-10-13 09:41:38.651 [main] INFO  com.dw.sms.SpringbootMybatisStudyApplicationTests - The following profiles are active: dev
2020-10-13 09:41:41.702 [main] INFO  s.d.s.w.PropertySourcedRequestMappingHandlerMapping - Mapped URL path [/v2/api-docs] onto method [springfox.documentation.swagger2.web.Swagger2Controller#getDocumentation(String, HttpServletRequest)]
2020-10-13 09:41:42.133 [main] INFO  o.s.scheduling.concurrent.ThreadPoolTaskExecutor - Initializing ExecutorService 'applicationTaskExecutor'
2020-10-13 09:41:42.621 [main] INFO  s.d.s.web.plugins.DocumentationPluginsBootstrapper - Context refreshed
2020-10-13 09:41:42.650 [main] INFO  s.d.s.web.plugins.DocumentationPluginsBootstrapper - Found 1 custom documentation plugin(s)
2020-10-13 09:41:42.693 [main] INFO  s.d.spring.web.scanners.ApiListingReferenceScanner - Scanning for api listing references
2020-10-13 09:41:42.998 [main] INFO  com.dw.sms.SpringbootMybatisStudyApplicationTests - Started SpringbootMybatisStudyApplicationTests in 5.112 seconds (JVM running for 6.494)
2020-10-13 09:41:43.276 [main] INFO  com.zaxxer.hikari.HikariDataSource - HikariPool-1 - Starting...
2020-10-13 09:41:43.997 [main] INFO  com.zaxxer.hikari.HikariDataSource - HikariPool-1 - Start completed.
2020-10-13 09:41:44.249 [SpringContextShutdownHook] INFO  o.s.scheduling.concurrent.ThreadPoolTaskExecutor - Shutting down ExecutorService 'applicationTaskExecutor'
2020-10-13 09:41:44.265 [SpringContextShutdownHook] INFO  com.zaxxer.hikari.HikariDataSource - HikariPool-1 - Shutdown initiated...
2020-10-13 09:41:44.288 [SpringContextShutdownHook] INFO  com.zaxxer.hikari.HikariDataSource - HikariPool-1 - Shutdown completed.
2020-10-13 09:43:55.630 [background-preinit] INFO  org.hibernate.validator.internal.util.Version - HV000001: Hibernate Validator 6.0.1.Final
2020-10-13 09:43:55.644 [main] INFO  com.dw.sms.SpringbootMybatisStudyApplicationTests - Starting SpringbootMybatisStudyApplicationTests on SC-202007141600 with PID 2384 (started by Administrator in E:\study\springboot-mybatis-study)
2020-10-13 09:43:55.645 [main] INFO  com.dw.sms.SpringbootMybatisStudyApplicationTests - The following profiles are active: dev
2020-10-13 09:43:59.037 [main] INFO  s.d.s.w.PropertySourcedRequestMappingHandlerMapping - Mapped URL path [/v2/api-docs] onto method [springfox.documentation.swagger2.web.Swagger2Controller#getDocumentation(String, HttpServletRequest)]
2020-10-13 09:43:59.495 [main] INFO  o.s.scheduling.concurrent.ThreadPoolTaskExecutor - Initializing ExecutorService 'applicationTaskExecutor'
2020-10-13 09:43:59.966 [main] INFO  s.d.s.web.plugins.DocumentationPluginsBootstrapper - Context refreshed
2020-10-13 09:43:59.999 [main] INFO  s.d.s.web.plugins.DocumentationPluginsBootstrapper - Found 1 custom documentation plugin(s)
2020-10-13 09:44:00.053 [main] INFO  s.d.spring.web.scanners.ApiListingReferenceScanner - Scanning for api listing references
2020-10-13 09:44:00.362 [main] INFO  com.dw.sms.SpringbootMybatisStudyApplicationTests - Started SpringbootMybatisStudyApplicationTests in 5.265 seconds (JVM running for 6.581)
2020-10-13 09:44:00.668 [main] INFO  com.zaxxer.hikari.HikariDataSource - HikariPool-1 - Starting...
2020-10-13 09:44:01.464 [main] INFO  com.zaxxer.hikari.HikariDataSource - HikariPool-1 - Start completed.
2020-10-13 09:44:01.566 [SpringContextShutdownHook] INFO  o.s.scheduling.concurrent.ThreadPoolTaskExecutor - Shutting down ExecutorService 'applicationTaskExecutor'
2020-10-13 09:44:01.568 [SpringContextShutdownHook] INFO  com.zaxxer.hikari.HikariDataSource - HikariPool-1 - Shutdown initiated...
2020-10-13 09:44:01.600 [SpringContextShutdownHook] INFO  com.zaxxer.hikari.HikariDataSource - HikariPool-1 - Shutdown completed.
2020-10-13 09:44:33.203 [background-preinit] INFO  org.hibernate.validator.internal.util.Version - HV000001: Hibernate Validator 6.0.1.Final
2020-10-13 09:44:33.223 [main] INFO  com.dw.sms.SpringbootMybatisStudyApplicationTests - Starting SpringbootMybatisStudyApplicationTests on SC-202007141600 with PID 360 (started by Administrator in E:\study\springboot-mybatis-study)
2020-10-13 09:44:33.224 [main] INFO  com.dw.sms.SpringbootMybatisStudyApplicationTests - The following profiles are active: dev
2020-10-13 09:44:36.440 [main] INFO  s.d.s.w.PropertySourcedRequestMappingHandlerMapping - Mapped URL path [/v2/api-docs] onto method [springfox.documentation.swagger2.web.Swagger2Controller#getDocumentation(String, HttpServletRequest)]
2020-10-13 09:44:37.082 [main] INFO  o.s.scheduling.concurrent.ThreadPoolTaskExecutor - Initializing ExecutorService 'applicationTaskExecutor'
2020-10-13 09:44:37.613 [main] INFO  s.d.s.web.plugins.DocumentationPluginsBootstrapper - Context refreshed
2020-10-13 09:44:37.645 [main] INFO  s.d.s.web.plugins.DocumentationPluginsBootstrapper - Found 1 custom documentation plugin(s)
2020-10-13 09:44:37.694 [main] INFO  s.d.spring.web.scanners.ApiListingReferenceScanner - Scanning for api listing references
2020-10-13 09:44:38.171 [main] INFO  com.dw.sms.SpringbootMybatisStudyApplicationTests - Started SpringbootMybatisStudyApplicationTests in 5.618 seconds (JVM running for 7.034)
2020-10-13 09:44:38.833 [main] INFO  com.zaxxer.hikari.HikariDataSource - HikariPool-1 - Starting...
2020-10-13 09:44:39.465 [main] INFO  com.zaxxer.hikari.HikariDataSource - HikariPool-1 - Start completed.
2020-10-13 09:44:39.560 [SpringContextShutdownHook] INFO  o.s.scheduling.concurrent.ThreadPoolTaskExecutor - Shutting down ExecutorService 'applicationTaskExecutor'
2020-10-13 09:44:39.566 [SpringContextShutdownHook] INFO  com.zaxxer.hikari.HikariDataSource - HikariPool-1 - Shutdown initiated...
2020-10-13 09:44:39.573 [SpringContextShutdownHook] INFO  com.zaxxer.hikari.HikariDataSource - HikariPool-1 - Shutdown completed.
2020-10-13 09:49:42.011 [background-preinit] INFO  org.hibernate.validator.internal.util.Version - HV000001: Hibernate Validator 6.0.1.Final
2020-10-13 09:49:42.049 [main] INFO  com.dw.sms.SpringbootMybatisStudyApplicationTests - Starting SpringbootMybatisStudyApplicationTests on SC-202007141600 with PID 8560 (started by Administrator in E:\study\springboot-mybatis-study)
2020-10-13 09:49:42.050 [main] INFO  com.dw.sms.SpringbootMybatisStudyApplicationTests - The following profiles are active: dev
2020-10-13 09:49:45.374 [main] INFO  s.d.s.w.PropertySourcedRequestMappingHandlerMapping - Mapped URL path [/v2/api-docs] onto method [springfox.documentation.swagger2.web.Swagger2Controller#getDocumentation(String, HttpServletRequest)]
2020-10-13 09:49:45.869 [main] INFO  o.s.scheduling.concurrent.ThreadPoolTaskExecutor - Initializing ExecutorService 'applicationTaskExecutor'
2020-10-13 09:49:46.331 [main] INFO  s.d.s.web.plugins.DocumentationPluginsBootstrapper - Context refreshed
2020-10-13 09:49:46.360 [main] INFO  s.d.s.web.plugins.DocumentationPluginsBootstrapper - Found 1 custom documentation plugin(s)
2020-10-13 09:49:46.405 [main] INFO  s.d.spring.web.scanners.ApiListingReferenceScanner - Scanning for api listing references
2020-10-13 09:49:46.703 [main] INFO  com.dw.sms.SpringbootMybatisStudyApplicationTests - Started SpringbootMybatisStudyApplicationTests in 5.196 seconds (JVM running for 6.448)
2020-10-13 09:49:47.009 [main] INFO  com.zaxxer.hikari.HikariDataSource - HikariPool-1 - Starting...
2020-10-13 09:49:47.799 [main] INFO  com.zaxxer.hikari.HikariDataSource - HikariPool-1 - Start completed.
2020-10-13 09:49:48.018 [SpringContextShutdownHook] INFO  o.s.scheduling.concurrent.ThreadPoolTaskExecutor - Shutting down ExecutorService 'applicationTaskExecutor'
2020-10-13 09:49:48.031 [SpringContextShutdownHook] INFO  com.zaxxer.hikari.HikariDataSource - HikariPool-1 - Shutdown initiated...
2020-10-13 09:49:48.080 [SpringContextShutdownHook] INFO  com.zaxxer.hikari.HikariDataSource - HikariPool-1 - Shutdown completed.
2020-10-13 09:58:36.754 [background-preinit] INFO  org.hibernate.validator.internal.util.Version - HV000001: Hibernate Validator 6.0.1.Final
2020-10-13 09:58:36.785 [main] INFO  com.dw.sms.SpringbootMybatisStudyApplicationTests - Starting SpringbootMybatisStudyApplicationTests on SC-202007141600 with PID 1792 (started by Administrator in E:\study\springboot-mybatis-study)
2020-10-13 09:58:36.787 [main] INFO  com.dw.sms.SpringbootMybatisStudyApplicationTests - The following profiles are active: dev
2020-10-13 09:58:40.540 [main] INFO  s.d.s.w.PropertySourcedRequestMappingHandlerMapping - Mapped URL path [/v2/api-docs] onto method [springfox.documentation.swagger2.web.Swagger2Controller#getDocumentation(String, HttpServletRequest)]
2020-10-13 09:58:40.949 [main] INFO  o.s.scheduling.concurrent.ThreadPoolTaskExecutor - Initializing ExecutorService 'applicationTaskExecutor'
2020-10-13 09:58:41.427 [main] INFO  s.d.s.web.plugins.DocumentationPluginsBootstrapper - Context refreshed
2020-10-13 09:58:41.460 [main] INFO  s.d.s.web.plugins.DocumentationPluginsBootstrapper - Found 1 custom documentation plugin(s)
2020-10-13 09:58:41.522 [main] INFO  s.d.spring.web.scanners.ApiListingReferenceScanner - Scanning for api listing references
2020-10-13 09:58:41.934 [main] INFO  com.dw.sms.SpringbootMybatisStudyApplicationTests - Started SpringbootMybatisStudyApplicationTests in 5.673 seconds (JVM running for 6.994)
2020-10-13 09:58:42.281 [main] INFO  com.zaxxer.hikari.HikariDataSource - HikariPool-1 - Starting...
2020-10-13 09:58:42.952 [main] INFO  com.zaxxer.hikari.HikariDataSource - HikariPool-1 - Start completed.
2020-10-13 09:58:43.067 [SpringContextShutdownHook] INFO  o.s.scheduling.concurrent.ThreadPoolTaskExecutor - Shutting down ExecutorService 'applicationTaskExecutor'
2020-10-13 09:58:43.077 [SpringContextShutdownHook] INFO  com.zaxxer.hikari.HikariDataSource - HikariPool-1 - Shutdown initiated...
2020-10-13 09:58:43.115 [SpringContextShutdownHook] INFO  com.zaxxer.hikari.HikariDataSource - HikariPool-1 - Shutdown completed.
2020-10-13 10:41:18.899 [background-preinit] INFO  org.hibernate.validator.internal.util.Version - HV000001: Hibernate Validator 6.0.1.Final
2020-10-13 10:41:18.916 [main] INFO  com.dw.sms.SpringbootMybatisStudyApplicationTests - Starting SpringbootMybatisStudyApplicationTests on SC-202007141600 with PID 5900 (started by Administrator in E:\study\springboot-mybatis-study)
2020-10-13 10:41:18.917 [main] INFO  com.dw.sms.SpringbootMybatisStudyApplicationTests - The following profiles are active: dev
2020-10-13 10:41:22.442 [main] INFO  s.d.s.w.PropertySourcedRequestMappingHandlerMapping - Mapped URL path [/v2/api-docs] onto method [springfox.documentation.swagger2.web.Swagger2Controller#getDocumentation(String, HttpServletRequest)]
2020-10-13 10:41:22.858 [main] INFO  o.s.scheduling.concurrent.ThreadPoolTaskExecutor - Initializing ExecutorService 'applicationTaskExecutor'
2020-10-13 10:41:23.311 [main] INFO  s.d.s.web.plugins.DocumentationPluginsBootstrapper - Context refreshed
2020-10-13 10:41:23.339 [main] INFO  s.d.s.web.plugins.DocumentationPluginsBootstrapper - Found 1 custom documentation plugin(s)
2020-10-13 10:41:23.384 [main] INFO  s.d.spring.web.scanners.ApiListingReferenceScanner - Scanning for api listing references
2020-10-13 10:41:23.689 [main] INFO  com.dw.sms.SpringbootMybatisStudyApplicationTests - Started SpringbootMybatisStudyApplicationTests in 5.439 seconds (JVM running for 6.715)
2020-10-13 10:41:23.991 [main] INFO  com.zaxxer.hikari.HikariDataSource - HikariPool-1 - Starting...
2020-10-13 10:41:24.707 [main] INFO  com.zaxxer.hikari.HikariDataSource - HikariPool-1 - Start completed.
2020-10-13 10:41:24.917 [SpringContextShutdownHook] INFO  o.s.scheduling.concurrent.ThreadPoolTaskExecutor - Shutting down ExecutorService 'applicationTaskExecutor'
2020-10-13 10:41:24.926 [SpringContextShutdownHook] INFO  com.zaxxer.hikari.HikariDataSource - HikariPool-1 - Shutdown initiated...
2020-10-13 10:41:24.964 [SpringContextShutdownHook] INFO  com.zaxxer.hikari.HikariDataSource - HikariPool-1 - Shutdown completed.
2020-10-13 10:45:52.993 [main] INFO  com.dw.sms.SpringbootMybatisStudyApplicationTests - Starting SpringbootMybatisStudyApplicationTests on SC-202007141600 with PID 9696 (started by Administrator in E:\study\springboot-mybatis-study)
2020-10-13 10:45:52.994 [main] INFO  com.dw.sms.SpringbootMybatisStudyApplicationTests - The following profiles are active: dev
2020-10-13 10:45:53.012 [background-preinit] INFO  org.hibernate.validator.internal.util.Version - HV000001: Hibernate Validator 6.0.1.Final
2020-10-13 10:45:56.701 [main] INFO  s.d.s.w.PropertySourcedRequestMappingHandlerMapping - Mapped URL path [/v2/api-docs] onto method [springfox.documentation.swagger2.web.Swagger2Controller#getDocumentation(String, HttpServletRequest)]
2020-10-13 10:45:57.244 [main] INFO  o.s.scheduling.concurrent.ThreadPoolTaskExecutor - Initializing ExecutorService 'applicationTaskExecutor'
2020-10-13 10:45:57.739 [main] INFO  s.d.s.web.plugins.DocumentationPluginsBootstrapper - Context refreshed
2020-10-13 10:45:57.768 [main] INFO  s.d.s.web.plugins.DocumentationPluginsBootstrapper - Found 1 custom documentation plugin(s)
2020-10-13 10:45:57.819 [main] INFO  s.d.spring.web.scanners.ApiListingReferenceScanner - Scanning for api listing references
2020-10-13 10:45:58.139 [main] INFO  com.dw.sms.SpringbootMybatisStudyApplicationTests - Started SpringbootMybatisStudyApplicationTests in 5.667 seconds (JVM running for 6.909)
2020-10-13 10:45:58.463 [main] INFO  com.zaxxer.hikari.HikariDataSource - HikariPool-1 - Starting...
2020-10-13 10:45:59.258 [main] INFO  com.zaxxer.hikari.HikariDataSource - HikariPool-1 - Start completed.
2020-10-13 10:45:59.358 [SpringContextShutdownHook] INFO  o.s.scheduling.concurrent.ThreadPoolTaskExecutor - Shutting down ExecutorService 'applicationTaskExecutor'
2020-10-13 10:45:59.361 [SpringContextShutdownHook] INFO  com.zaxxer.hikari.HikariDataSource - HikariPool-1 - Shutdown initiated...
2020-10-13 10:45:59.366 [SpringContextShutdownHook] INFO  com.zaxxer.hikari.HikariDataSource - HikariPool-1 - Shutdown completed.
